{"name": "test_update_task_invalid_data", "status": "failed", "statusDetails": {"message": "AssertionError: –û—à–∏–±–∫–∞ –ø—Ä–∏ —Å–æ–∑–¥–∞–Ω–∏–∏ –∑–∞–¥–∞—á–∏\nassert 404 == 200\n +  where 404 = <Response [404]>.status_code", "trace": "auth_session = <requests.sessions.Session object at 0x1068a7770>\npost_data = {'description': 'Created via ClickUp API üéØ', 'name': 'My First Task from API', 'status': 'to do'}\n\n    @allure.title(\"–§–∏–∫—Å—Ç—É—Ä–∞ —Å–æ–∑–¥–∞–Ω–∏—è –∏ —É–¥–∞–ª–µ–Ω–∏—è –∑–∞–¥–∞—á–∏\")\n    @pytest.fixture\n    def task_fixture(auth_session, post_data):\n        with allure.step(\"–°–æ–∑–¥–∞–Ω–∏–µ –∑–∞–¥–∞—á–∏ —á–µ—Ä–µ–∑ API\"):\n            create_response = auth_session.post(\n                f\"{BASE_URL}{CREATE_TASK_URL}\",\n                json=post_data\n            )\n>           assert create_response.status_code == 200,(\n                \"–û—à–∏–±–∫–∞ –ø—Ä–∏ —Å–æ–∑–¥–∞–Ω–∏–∏ –∑–∞–¥–∞—á–∏\")\nE           AssertionError: –û—à–∏–±–∫–∞ –ø—Ä–∏ —Å–æ–∑–¥–∞–Ω–∏–∏ –∑–∞–¥–∞—á–∏\nE           assert 404 == 200\nE            +  where 404 = <Response [404]>.status_code\n\nconftest.py:63: AssertionError"}, "description": "–ü–æ–ø—ã—Ç–∫–∞ –æ–±–Ω–æ–≤–ª–µ–Ω–∏—è –∑–∞–¥–∞—á–∏ —Å –Ω–µ–∫–æ—Ä—Ä–µ–∫—Ç–Ω—ã–º–∏ –¥–∞–Ω–Ω—ã–º–∏", "start": 1744648566752, "stop": 1744648566752, "uuid": "f72cf2a1-3eba-4644-a517-d5130dbe1a90", "historyId": "6caffa264d0ba8a31cb98117ffcb3895", "testCaseId": "6caffa264d0ba8a31cb98117ffcb3895", "fullName": "tests.api.test_api.TestPosts#test_update_task_invalid_data", "labels": [{"name": "feature", "value": "–¢–µ—Å—Ç–∏—Ä–æ–≤–∞–Ω–∏–µ —Ç–∞—Å–∫–æ–≤ –≤ ClickUp"}, {"name": "parentSuite", "value": "tests.api"}, {"name": "suite", "value": "test_api"}, {"name": "subSuite", "value": "TestPosts"}, {"name": "host", "value": "MacBook-Air-Ila.local"}, {"name": "thread", "value": "42901-MainThread"}, {"name": "framework", "value": "pytest"}, {"name": "language", "value": "cpython3"}, {"name": "package", "value": "tests.api.test_api"}]}